<?xml version="1.0" encoding="UTF-8"?>
<testng-results ignored="0" total="2" passed="2" failed="0" skipped="0">
  <reporter-output>
    <line>
      <![CDATA[Opening the Browser]]>
    </line>
    <line>
      <![CDATA[Closing the Browser]]>
    </line>
    <line>
      <![CDATA[Opening the Browser]]>
    </line>
    <line>
      <![CDATA[Closing the Browser]]>
    </line>
  </reporter-output>
  <suite started-at="2024-03-19T15:09:57 IST" name="Suite1" finished-at="2024-03-19T15:10:13 IST" duration-ms="15994">
    <groups>
    </groups>
    <test started-at="2024-03-19T15:09:57 IST" name="SignUpTest" finished-at="2024-03-19T15:10:05 IST" duration-ms="8133">
      <class name="testScripts.SignUp">
        <test-method is-config="true" signature="openBrowser()[pri:0, instance:testScripts.SignUp@22a637e7]" started-at="2024-03-19T15:09:57 IST" name="openBrowser" finished-at="2024-03-19T15:09:58 IST" duration-ms="1332" status="PASS">
          <reporter-output>
            <line>
              <![CDATA[Opening the Browser]]>
            </line>
          </reporter-output>
        </test-method> <!-- openBrowser -->
        <test-method signature="signUp()[pri:0, instance:testScripts.SignUp@22a637e7]" started-at="2024-03-19T15:09:58 IST" name="signUp" finished-at="2024-03-19T15:10:02 IST" duration-ms="3677" status="PASS">
          <reporter-output>
          </reporter-output>
        </test-method> <!-- signUp -->
        <test-method is-config="true" signature="closeBrowser()[pri:0, instance:testScripts.SignUp@22a637e7]" started-at="2024-03-19T15:10:02 IST" name="closeBrowser" finished-at="2024-03-19T15:10:05 IST" duration-ms="3107" status="PASS">
          <reporter-output>
            <line>
              <![CDATA[Closing the Browser]]>
            </line>
          </reporter-output>
        </test-method> <!-- closeBrowser -->
      </class> <!-- testScripts.SignUp -->
    </test> <!-- SignUpTest -->
    <test started-at="2024-03-19T15:10:05 IST" name="LoginTest" finished-at="2024-03-19T15:10:13 IST" duration-ms="7835">
      <class name="testScripts.Login">
        <test-method is-config="true" signature="openBrowser()[pri:0, instance:testScripts.Login@30ee2816]" started-at="2024-03-19T15:10:05 IST" name="openBrowser" finished-at="2024-03-19T15:10:06 IST" duration-ms="533" status="PASS">
          <reporter-output>
            <line>
              <![CDATA[Opening the Browser]]>
            </line>
          </reporter-output>
        </test-method> <!-- openBrowser -->
        <test-method signature="login()[pri:0, instance:testScripts.Login@30ee2816]" started-at="2024-03-19T15:10:06 IST" name="login" finished-at="2024-03-19T15:10:10 IST" duration-ms="4199" status="PASS">
          <reporter-output>
          </reporter-output>
        </test-method> <!-- login -->
        <test-method is-config="true" signature="closeBrowser()[pri:0, instance:testScripts.Login@30ee2816]" started-at="2024-03-19T15:10:10 IST" name="closeBrowser" finished-at="2024-03-19T15:10:13 IST" duration-ms="3101" status="PASS">
          <reporter-output>
            <line>
              <![CDATA[Closing the Browser]]>
            </line>
          </reporter-output>
        </test-method> <!-- closeBrowser -->
      </class> <!-- testScripts.Login -->
    </test> <!-- LoginTest -->
  </suite> <!-- Suite1 -->
</testng-results>
