<?xml version="1.0" encoding="UTF-8"?>
<testng-results ignored="0" total="1" passed="1" failed="0" skipped="0">
  <reporter-output>
  </reporter-output>
  <suite started-at="2024-03-15T00:46:02 IST" name="Suite1" finished-at="2024-03-15T00:46:03 IST" duration-ms="1398">
    <groups>
    </groups>
    <test started-at="2024-03-15T00:46:02 IST" name="Test1" finished-at="2024-03-15T00:46:03 IST" duration-ms="1398">
      <class name="TestNGCheck">
        <test-method signature="Sample1()[pri:0, instance:TestNGCheck@2aa5fe93]" started-at="2024-03-15T00:46:02 IST" name="Sample1" finished-at="2024-03-15T00:46:03 IST" duration-ms="1382" status="PASS">
          <reporter-output>
          </reporter-output>
        </test-method> <!-- Sample1 -->
      </class> <!-- TestNGCheck -->
    </test> <!-- Test1 -->
  </suite> <!-- Suite1 -->
</testng-results>
